Performing C SOURCE FILE Test CMAKE_HAVE_LIBC_PTHREAD failed with the following output:
Change Dir: /home/aiRobots/aiRobots/aiRobots_AMMR/Software/build/CMakeFiles/CMakeTmp

Run Build Command(s):/usr/bin/make cmTC_d5d1a/fast && /usr/bin/make  -f CMakeFiles/cmTC_d5d1a.dir/build.make CMakeFiles/cmTC_d5d1a.dir/build
make[1]: Entering directory '/home/aiRobots/aiRobots/aiRobots_AMMR/Software/build/CMakeFiles/CMakeTmp'
Building C object CMakeFiles/cmTC_d5d1a.dir/src.c.o
/usr/bin/cc   -DCMAKE_HAVE_LIBC_PTHREAD   -o CMakeFiles/cmTC_d5d1a.dir/src.c.o   -c /home/aiRobots/aiRobots/aiRobots_AMMR/Software/build/CMakeFiles/CMakeTmp/src.c
Linking C executable cmTC_d5d1a
/usr/local/bin/cmake -E cmake_link_script CMakeFiles/cmTC_d5d1a.dir/link.txt --verbose=1
/usr/bin/cc  -DCMAKE_HAVE_LIBC_PTHREAD    -rdynamic CMakeFiles/cmTC_d5d1a.dir/src.c.o  -o cmTC_d5d1a 
CMakeFiles/cmTC_d5d1a.dir/src.c.o: In function `main':
src.c:(.text+0x3e): undefined reference to `pthread_create'
src.c:(.text+0x4a): undefined reference to `pthread_detach'
src.c:(.text+0x5b): undefined reference to `pthread_join'
src.c:(.text+0x6f): undefined reference to `pthread_atfork'
collect2: error: ld returned 1 exit status
CMakeFiles/cmTC_d5d1a.dir/build.make:89: recipe for target 'cmTC_d5d1a' failed
make[1]: *** [cmTC_d5d1a] Error 1
make[1]: Leaving directory '/home/aiRobots/aiRobots/aiRobots_AMMR/Software/build/CMakeFiles/CMakeTmp'
Makefile:124: recipe for target 'cmTC_d5d1a/fast' failed
make: *** [cmTC_d5d1a/fast] Error 2


Source file was:
#include <pthread.h>

void* test_func(void* data)
{
  return data;
}

int main(void)
{
  pthread_t thread;
  pthread_create(&thread, NULL, test_func, NULL);
  pthread_detach(thread);
  pthread_join(thread, NULL);
  pthread_atfork(NULL, NULL, NULL);
  pthread_exit(NULL);

  return 0;
}

Determining if the function pthread_create exists in the pthreads failed with the following output:
Change Dir: /home/aiRobots/aiRobots/aiRobots_AMMR/Software/build/CMakeFiles/CMakeTmp

Run Build Command(s):/usr/bin/make cmTC_f9d81/fast && /usr/bin/make  -f CMakeFiles/cmTC_f9d81.dir/build.make CMakeFiles/cmTC_f9d81.dir/build
make[1]: Entering directory '/home/aiRobots/aiRobots/aiRobots_AMMR/Software/build/CMakeFiles/CMakeTmp'
Building C object CMakeFiles/cmTC_f9d81.dir/CheckFunctionExists.c.o
/usr/bin/cc   -DCHECK_FUNCTION_EXISTS=pthread_create   -o CMakeFiles/cmTC_f9d81.dir/CheckFunctionExists.c.o   -c /usr/local/share/cmake-3.16/Modules/CheckFunctionExists.c
Linking C executable cmTC_f9d81
/usr/local/bin/cmake -E cmake_link_script CMakeFiles/cmTC_f9d81.dir/link.txt --verbose=1
/usr/bin/cc  -DCHECK_FUNCTION_EXISTS=pthread_create    -rdynamic CMakeFiles/cmTC_f9d81.dir/CheckFunctionExists.c.o  -o cmTC_f9d81  -lpthreads 
/usr/bin/ld: cannot find -lpthreads
collect2: error: ld returned 1 exit status
CMakeFiles/cmTC_f9d81.dir/build.make:89: recipe for target 'cmTC_f9d81' failed
make[1]: *** [cmTC_f9d81] Error 1
make[1]: Leaving directory '/home/aiRobots/aiRobots/aiRobots_AMMR/Software/build/CMakeFiles/CMakeTmp'
Makefile:124: recipe for target 'cmTC_f9d81/fast' failed
make: *** [cmTC_f9d81/fast] Error 2



